Determining if the pthread_create exist failed with the following output:
Change Dir: /home/jong/vision/build/CMakeFiles/CMakeTmp

Run Build Command:"/usr/bin/make" "cmTC_c5813/fast"
/usr/bin/make -f CMakeFiles/cmTC_c5813.dir/build.make CMakeFiles/cmTC_c5813.dir/build
make[1]: 디렉터리 '/home/jong/vision/build/CMakeFiles/CMakeTmp' 들어감
Building C object CMakeFiles/cmTC_c5813.dir/CheckSymbolExists.c.o
/usr/bin/cc    -o CMakeFiles/cmTC_c5813.dir/CheckSymbolExists.c.o   -c /home/jong/vision/build/CMakeFiles/CMakeTmp/CheckSymbolExists.c
Linking C executable cmTC_c5813
/usr/bin/cmake -E cmake_link_script CMakeFiles/cmTC_c5813.dir/link.txt --verbose=1
/usr/bin/cc      -rdynamic CMakeFiles/cmTC_c5813.dir/CheckSymbolExists.c.o  -o cmTC_c5813 
CMakeFiles/cmTC_c5813.dir/CheckSymbolExists.c.o: In function `main':
CheckSymbolExists.c:(.text+0x1b): undefined reference to `pthread_create'
collect2: error: ld returned 1 exit status
CMakeFiles/cmTC_c5813.dir/build.make:97: recipe for target 'cmTC_c5813' failed
make[1]: *** [cmTC_c5813] Error 1
make[1]: 디렉터리 '/home/jong/vision/build/CMakeFiles/CMakeTmp' 나감
Makefile:126: recipe for target 'cmTC_c5813/fast' failed
make: *** [cmTC_c5813/fast] Error 2

File /home/jong/vision/build/CMakeFiles/CMakeTmp/CheckSymbolExists.c:
/* */
#include <pthread.h>

int main(int argc, char** argv)
{
  (void)argv;
#ifndef pthread_create
  return ((int*)(&pthread_create))[argc];
#else
  (void)argc;
  return 0;
#endif
}

Determining if the function pthread_create exists in the pthreads failed with the following output:
Change Dir: /home/jong/vision/build/CMakeFiles/CMakeTmp

Run Build Command:"/usr/bin/make" "cmTC_335ef/fast"
/usr/bin/make -f CMakeFiles/cmTC_335ef.dir/build.make CMakeFiles/cmTC_335ef.dir/build
make[1]: 디렉터리 '/home/jong/vision/build/CMakeFiles/CMakeTmp' 들어감
Building C object CMakeFiles/cmTC_335ef.dir/CheckFunctionExists.c.o
/usr/bin/cc   -DCHECK_FUNCTION_EXISTS=pthread_create   -o CMakeFiles/cmTC_335ef.dir/CheckFunctionExists.c.o   -c /usr/share/cmake-3.10/Modules/CheckFunctionExists.c
Linking C executable cmTC_335ef
/usr/bin/cmake -E cmake_link_script CMakeFiles/cmTC_335ef.dir/link.txt --verbose=1
/usr/bin/cc  -DCHECK_FUNCTION_EXISTS=pthread_create    -rdynamic CMakeFiles/cmTC_335ef.dir/CheckFunctionExists.c.o  -o cmTC_335ef -lpthreads 
/usr/bin/ld: cannot find -lpthreads
collect2: error: ld returned 1 exit status
CMakeFiles/cmTC_335ef.dir/build.make:97: recipe for target 'cmTC_335ef' failed
make[1]: *** [cmTC_335ef] Error 1
make[1]: 디렉터리 '/home/jong/vision/build/CMakeFiles/CMakeTmp' 나감
Makefile:126: recipe for target 'cmTC_335ef/fast' failed
make: *** [cmTC_335ef/fast] Error 2


